<?xml version="1.0" encoding="UTF-8"?>
<!-- Generated by org.testng.reporters.JUnitReportReporter -->
<testsuite hostname="DESKTOP-J4SRGEC" failures="0" tests="6" name="nativeapp.Api_demos" time="19.227" errors="0" timestamp="2024-07-26T17:16:30 IST" skipped="5">
  <testcase classname="nativeapp.Api_demos" name="switchapp" time="19.227"/>
  <system-out/>
  <testcase classname="nativeapp.Api_demos" name="Preference_dependencies">
    <skipped/>
  </testcase> <!-- Preference_dependencies -->
  <system-out/>
  <testcase classname="nativeapp.Api_demos" name="typeswipeuseingdroganddrop">
    <skipped/>
  </testcase> <!-- typeswipeuseingdroganddrop -->
  <system-out/>
  <testcase classname="nativeapp.Api_demos" name="media">
    <skipped/>
  </testcase> <!-- media -->
  <system-out/>
  <testcase classname="nativeapp.Api_demos" name="scroll_views">
    <skipped/>
  </testcase> <!-- scroll_views -->
  <system-out/>
  <testcase classname="nativeapp.Api_demos" name="typeswipe">
    <skipped/>
  </testcase> <!-- typeswipe -->
  <system-out/>
</testsuite> <!-- nativeapp.Api_demos -->
